<?xml version="1.0" encoding="UTF-8"?>
<robot generator="Robot 6.1.1 (Python 3.12.0 on win32)" generated="20231110 17:25:42.768" rpa="false" schemaversion="4">
<suite id="s1" name="Tests" source="D:\Learning\RobotFramework Learning\tests">
<suite id="s1-s1" name="testDemo3" source="D:\Learning\RobotFramework Learning\tests\testDemo3.robot">
<test id="s1-s1-t1" name="Validate child window functionality" line="16">
<kw name="Open The Browser With This URL" library="Generic" type="SETUP">
<kw name="Create Webdriver" library="SeleniumLibrary">
<arg>Chrome</arg>
<doc>Creates an instance of Selenium WebDriver.</doc>
<msg timestamp="20231110 17:25:46.242" level="INFO">Creating an instance of the Chrome WebDriver.</msg>
<status status="PASS" starttime="20231110 17:25:46.239" endtime="20231110 17:26:30.340"/>
</kw>
<kw name="Go To" library="SeleniumLibrary">
<arg>${URL}</arg>
<doc>Navigates the current browser window to the provided ``url``.</doc>
<msg timestamp="20231110 17:26:30.342" level="INFO">Opening url 'https://rahulshettyacademy.com/loginpagePractise/'</msg>
<status status="PASS" starttime="20231110 17:26:30.341" endtime="20231110 17:26:36.418"/>
</kw>
<status status="PASS" starttime="20231110 17:25:46.237" endtime="20231110 17:26:36.419"/>
</kw>
<kw name="Select the link of child window">
<kw name="Click Element" library="SeleniumLibrary">
<arg>css:.blinkingText</arg>
<doc>Click the element identified by ``locator``.</doc>
<msg timestamp="20231110 17:26:36.426" level="INFO">Clicking element 'css:.blinkingText'.</msg>
<status status="PASS" starttime="20231110 17:26:36.423" endtime="20231110 17:26:37.098"/>
</kw>
<kw name="Sleep" library="BuiltIn">
<arg>5</arg>
<doc>Pauses the test executed for the given time.</doc>
<msg timestamp="20231110 17:26:42.101" level="INFO">Slept 5 seconds</msg>
<status status="PASS" starttime="20231110 17:26:37.099" endtime="20231110 17:26:42.103"/>
</kw>
<status status="PASS" starttime="20231110 17:26:36.421" endtime="20231110 17:26:42.103"/>
</kw>
<kw name="Verify the user has switched to child window">
<kw name="Switch Window" library="SeleniumLibrary">
<arg>New</arg>
<doc>Switches to browser window matching ``locator``.</doc>
<status status="PASS" starttime="20231110 17:26:42.105" endtime="20231110 17:26:42.150"/>
</kw>
<kw name="Element Text Should Be" library="SeleniumLibrary">
<arg>css:h1</arg>
<arg>DOCUMENTS REQUEST</arg>
<doc>Verifies that element ``locator`` contains exact the text ``expected``.</doc>
<msg timestamp="20231110 17:26:42.153" level="INFO">Verifying element 'css:h1' contains exact text 'DOCUMENTS REQUEST'.</msg>
<status status="PASS" starttime="20231110 17:26:42.150" endtime="20231110 17:26:59.595"/>
</kw>
<status status="PASS" starttime="20231110 17:26:42.104" endtime="20231110 17:26:59.596"/>
</kw>
<kw name="Grab the email Id in the child window">
<kw name="Get Text" library="SeleniumLibrary">
<var>${text}</var>
<arg>css:.red</arg>
<doc>Returns the text value of the element identified by ``locator``.</doc>
<msg timestamp="20231110 17:26:59.705" level="INFO">${text} = Please email us at mentor@rahulshettyacademy.com with below template to receive response</msg>
<status status="PASS" starttime="20231110 17:26:59.598" endtime="20231110 17:26:59.705"/>
</kw>
<kw name="Split String" library="String">
<var>@{words}</var>
<arg>${text}</arg>
<arg>at</arg>
<doc>Splits the ``string`` using ``separator`` as a delimiter string.</doc>
<msg timestamp="20231110 17:26:59.708" level="INFO">@{words} = [ Please email us  |  mentor@rahulshettyacademy.com with below templ | e to receive response ]</msg>
<status status="PASS" starttime="20231110 17:26:59.706" endtime="20231110 17:26:59.708"/>
</kw>
<kw name="Get From List" library="Collections">
<var>${text_split}</var>
<arg>${words}</arg>
<arg>1</arg>
<doc>Returns the value specified with an ``index`` from ``list``.</doc>
<msg timestamp="20231110 17:26:59.709" level="INFO">${text_split} =  mentor@rahulshettyacademy.com with below templ</msg>
<status status="PASS" starttime="20231110 17:26:59.708" endtime="20231110 17:26:59.709"/>
</kw>
<kw name="Split String" library="String">
<var>@{words2}</var>
<arg>${text_split}</arg>
<doc>Splits the ``string`` using ``separator`` as a delimiter string.</doc>
<msg timestamp="20231110 17:26:59.711" level="INFO">@{words2} = [ mentor@rahulshettyacademy.com | with | below | templ ]</msg>
<status status="PASS" starttime="20231110 17:26:59.710" endtime="20231110 17:26:59.711"/>
</kw>
<kw name="Get From List" library="Collections">
<var>${email}</var>
<arg>${words2}</arg>
<arg>0</arg>
<doc>Returns the value specified with an ``index`` from ``list``.</doc>
<msg timestamp="20231110 17:26:59.712" level="INFO">${email} = mentor@rahulshettyacademy.com</msg>
<status status="PASS" starttime="20231110 17:26:59.711" endtime="20231110 17:26:59.713"/>
</kw>
<kw name="Set Global Variable" library="BuiltIn">
<arg>${email}</arg>
<doc>Makes a variable available globally in all tests and suites.</doc>
<msg timestamp="20231110 17:26:59.714" level="INFO">${email} = mentor@rahulshettyacademy.com</msg>
<status status="PASS" starttime="20231110 17:26:59.713" endtime="20231110 17:26:59.715"/>
</kw>
<kw name="Log" library="BuiltIn">
<arg>(${email})</arg>
<doc>Logs the given message with the given level.</doc>
<msg timestamp="20231110 17:26:59.717" level="INFO">(mentor@rahulshettyacademy.com)</msg>
<status status="PASS" starttime="20231110 17:26:59.716" endtime="20231110 17:26:59.717"/>
</kw>
<status status="PASS" starttime="20231110 17:26:59.597" endtime="20231110 17:26:59.718"/>
</kw>
<kw name="Switch back to parent window and enter email">
<kw name="Switch Window" library="SeleniumLibrary">
<arg>Main</arg>
<doc>Switches to browser window matching ``locator``.</doc>
<status status="PASS" starttime="20231110 17:26:59.719" endtime="20231110 17:26:59.945"/>
</kw>
<kw name="Title Should Be" library="SeleniumLibrary">
<arg>LoginPage Practise | Rahul Shetty Academy</arg>
<doc>Verifies that the current page title equals ``title``.</doc>
<msg timestamp="20231110 17:27:00.170" level="INFO">Page title is 'LoginPage Practise | Rahul Shetty Academy'.</msg>
<status status="PASS" starttime="20231110 17:26:59.946" endtime="20231110 17:27:00.171"/>
</kw>
<kw name="Input Text" library="SeleniumLibrary">
<arg>id:username</arg>
<arg>${email}</arg>
<doc>Types the given ``text`` into the text field identified by ``locator``.</doc>
<msg timestamp="20231110 17:27:00.173" level="INFO">Typing text 'mentor@rahulshettyacademy.com' into text field 'id:username'.</msg>
<status status="PASS" starttime="20231110 17:27:00.171" endtime="20231110 17:27:03.388"/>
</kw>
<status status="PASS" starttime="20231110 17:26:59.718" endtime="20231110 17:27:03.388"/>
</kw>
<tag>Regression</tag>
<status status="PASS" starttime="20231110 17:25:46.234" endtime="20231110 17:27:03.389"/>
</test>
<doc>To switch child window</doc>
<status status="PASS" starttime="20231110 17:25:42.985" endtime="20231110 17:27:03.391"/>
</suite>
<status status="PASS" starttime="20231110 17:25:42.871" endtime="20231110 17:27:03.397"/>
</suite>
<statistics>
<total>
<stat pass="1" fail="0" skip="0">All Tests</stat>
</total>
<tag>
<stat pass="1" fail="0" skip="0">Regression</stat>
</tag>
<suite>
<stat pass="1" fail="0" skip="0" id="s1" name="Tests">Tests</stat>
<stat pass="1" fail="0" skip="0" id="s1-s1" name="testDemo3">Tests.testDemo3</stat>
</suite>
</statistics>
<errors>
</errors>
</robot>
