<?xml version="1.0" encoding="UTF-8"?>
<robot generator="Robot 6.1.1 (Python 3.12.0 on win32)" generated="20231110 17:25:42.880" rpa="false" schemaversion="4">
<suite id="s1" name="Tests" source="D:\Learning\RobotFramework Learning\tests">
<suite id="s1-s1" name="testDemo2" source="D:\Learning\RobotFramework Learning\tests\testDemo2.robot">
<test id="s1-s1-t1" name="Validate cards displayed in the shopping page" line="21">
<kw name="Open The Browser With This URL" library="Generic" type="SETUP">
<kw name="Create Webdriver" library="SeleniumLibrary">
<arg>Chrome</arg>
<doc>Creates an instance of Selenium WebDriver.</doc>
<msg timestamp="20231110 17:25:46.053" level="INFO">Creating an instance of the Chrome WebDriver.</msg>
<status status="PASS" starttime="20231110 17:25:46.049" endtime="20231110 17:26:30.269"/>
</kw>
<kw name="Go To" library="SeleniumLibrary">
<arg>${URL}</arg>
<doc>Navigates the current browser window to the provided ``url``.</doc>
<msg timestamp="20231110 17:26:30.270" level="INFO">Opening url 'https://rahulshettyacademy.com/loginpagePractise/'</msg>
<status status="PASS" starttime="20231110 17:26:30.269" endtime="20231110 17:26:36.464"/>
</kw>
<status status="PASS" starttime="20231110 17:25:46.043" endtime="20231110 17:26:36.465"/>
</kw>
<kw name="Fill the login form">
<arg>${UserName}</arg>
<arg>${pwd_valid}</arg>
<kw name="Input Text" library="SeleniumLibrary">
<arg>id:username</arg>
<arg>${username}</arg>
<doc>Types the given ``text`` into the text field identified by ``locator``.</doc>
<msg timestamp="20231110 17:26:36.470" level="INFO">Typing text 'rahulshettyacademy' into text field 'id:username'.</msg>
<status status="PASS" starttime="20231110 17:26:36.467" endtime="20231110 17:26:37.898"/>
</kw>
<kw name="Input Password" library="SeleniumLibrary">
<arg>id:password</arg>
<arg>${password}</arg>
<doc>Types the given password into the text field identified by ``locator``.</doc>
<msg timestamp="20231110 17:26:37.900" level="INFO">Typing password into text field 'id:password'.</msg>
<msg timestamp="20231110 17:26:38.099" level="INFO">Temporally setting log level to: NONE</msg>
<msg timestamp="20231110 17:26:38.457" level="INFO">Log level changed from NONE to INFO.</msg>
<status status="PASS" starttime="20231110 17:26:37.898" endtime="20231110 17:26:38.457"/>
</kw>
<kw name="Click Button" library="SeleniumLibrary">
<arg>signInBtn</arg>
<doc>Clicks the button identified by ``locator``.</doc>
<msg timestamp="20231110 17:26:38.460" level="INFO">Clicking button 'signInBtn'.</msg>
<status status="PASS" starttime="20231110 17:26:38.458" endtime="20231110 17:26:38.801"/>
</kw>
<status status="PASS" starttime="20231110 17:26:36.466" endtime="20231110 17:26:38.802"/>
</kw>
<kw name="Wait until Element is located on the page">
<arg>${shop_page_load_check}</arg>
<kw name="Wait Until Element Is Visible" library="SeleniumLibrary">
<arg>${element}</arg>
<doc>Waits until the element ``locator`` is visible.</doc>
<status status="PASS" starttime="20231110 17:26:38.808" endtime="20231110 17:26:58.408"/>
</kw>
<status status="PASS" starttime="20231110 17:26:38.806" endtime="20231110 17:26:58.408"/>
</kw>
<kw name="Verify card titles in the shop page">
<kw name="Create List" library="BuiltIn">
<var>@{expected_list}</var>
<arg>iphone X</arg>
<arg>Samsung Note 8</arg>
<arg>Nokia Edge</arg>
<arg>Blackberry</arg>
<doc>Returns a list containing given items.</doc>
<msg timestamp="20231110 17:26:58.411" level="INFO">@{expected_list} = [ iphone X | Samsung Note 8 | Nokia Edge | Blackberry ]</msg>
<status status="PASS" starttime="20231110 17:26:58.410" endtime="20231110 17:26:58.412"/>
</kw>
<kw name="Get WebElements" library="SeleniumLibrary">
<var>${elements}</var>
<arg>css:.card-title</arg>
<doc>Returns a list of WebElement objects matching the ``locator``.</doc>
<msg timestamp="20231110 17:26:58.499" level="INFO">${elements} = [&lt;selenium.webdriver.remote.webelement.WebElement (session="52f320bebb7dd9ac42e26e617e9e46ac", element="20AAFAAAC2F7B8C86E10FDCBC4AE634F_element_56")&gt;, &lt;selenium.webdriver.remote.webelement.WebElement...</msg>
<status status="PASS" starttime="20231110 17:26:58.413" endtime="20231110 17:26:58.499"/>
</kw>
<kw name="Create List" library="BuiltIn">
<var>@{actual_list}</var>
<doc>Returns a list containing given items.</doc>
<msg timestamp="20231110 17:26:58.500" level="INFO">@{actual_list} = [ ]</msg>
<status status="PASS" starttime="20231110 17:26:58.499" endtime="20231110 17:26:58.500"/>
</kw>
<for flavor="IN">
<var>${eachelement}</var>
<value>@{elements}</value>
<iter>
<var name="${eachelement}">&lt;selenium.webdriver.remote.webelement.WebElement (session="52f320bebb7dd9ac42e26e617e9e46ac", element="20AAFAAAC2F7B8C86E10FDCBC4AE634F_element_56")&gt;</var>
<kw name="Log" library="BuiltIn">
<arg>${eachelement.text}</arg>
<doc>Logs the given message with the given level.</doc>
<msg timestamp="20231110 17:26:58.909" level="INFO">iphone X</msg>
<status status="PASS" starttime="20231110 17:26:58.503" endtime="20231110 17:26:58.910"/>
</kw>
<kw name="Append To List" library="Collections">
<arg>${actual_list}</arg>
<arg>${eachelement.text}</arg>
<doc>Adds ``values`` to the end of ``list``.</doc>
<status status="PASS" starttime="20231110 17:26:58.910" endtime="20231110 17:26:58.962"/>
</kw>
<status status="PASS" starttime="20231110 17:26:58.503" endtime="20231110 17:26:58.963"/>
</iter>
<iter>
<var name="${eachelement}">&lt;selenium.webdriver.remote.webelement.WebElement (session="52f320bebb7dd9ac42e26e617e9e46ac", element="20AAFAAAC2F7B8C86E10FDCBC4AE634F_element_57")&gt;</var>
<kw name="Log" library="BuiltIn">
<arg>${eachelement.text}</arg>
<doc>Logs the given message with the given level.</doc>
<msg timestamp="20231110 17:26:59.242" level="INFO">Samsung Note 8</msg>
<status status="PASS" starttime="20231110 17:26:58.967" endtime="20231110 17:26:59.243"/>
</kw>
<kw name="Append To List" library="Collections">
<arg>${actual_list}</arg>
<arg>${eachelement.text}</arg>
<doc>Adds ``values`` to the end of ``list``.</doc>
<status status="PASS" starttime="20231110 17:26:59.243" endtime="20231110 17:26:59.379"/>
</kw>
<status status="PASS" starttime="20231110 17:26:58.965" endtime="20231110 17:26:59.380"/>
</iter>
<iter>
<var name="${eachelement}">&lt;selenium.webdriver.remote.webelement.WebElement (session="52f320bebb7dd9ac42e26e617e9e46ac", element="20AAFAAAC2F7B8C86E10FDCBC4AE634F_element_58")&gt;</var>
<kw name="Log" library="BuiltIn">
<arg>${eachelement.text}</arg>
<doc>Logs the given message with the given level.</doc>
<msg timestamp="20231110 17:26:59.426" level="INFO">Nokia Edge</msg>
<status status="PASS" starttime="20231110 17:26:59.382" endtime="20231110 17:26:59.426"/>
</kw>
<kw name="Append To List" library="Collections">
<arg>${actual_list}</arg>
<arg>${eachelement.text}</arg>
<doc>Adds ``values`` to the end of ``list``.</doc>
<status status="PASS" starttime="20231110 17:26:59.427" endtime="20231110 17:26:59.474"/>
</kw>
<status status="PASS" starttime="20231110 17:26:59.381" endtime="20231110 17:26:59.474"/>
</iter>
<iter>
<var name="${eachelement}">&lt;selenium.webdriver.remote.webelement.WebElement (session="52f320bebb7dd9ac42e26e617e9e46ac", element="20AAFAAAC2F7B8C86E10FDCBC4AE634F_element_59")&gt;</var>
<kw name="Log" library="BuiltIn">
<arg>${eachelement.text}</arg>
<doc>Logs the given message with the given level.</doc>
<msg timestamp="20231110 17:26:59.553" level="INFO">Blackberry</msg>
<status status="PASS" starttime="20231110 17:26:59.476" endtime="20231110 17:26:59.553"/>
</kw>
<kw name="Append To List" library="Collections">
<arg>${actual_list}</arg>
<arg>${eachelement.text}</arg>
<doc>Adds ``values`` to the end of ``list``.</doc>
<status status="PASS" starttime="20231110 17:26:59.554" endtime="20231110 17:26:59.614"/>
</kw>
<status status="PASS" starttime="20231110 17:26:59.476" endtime="20231110 17:26:59.614"/>
</iter>
<status status="PASS" starttime="20231110 17:26:58.502" endtime="20231110 17:26:59.615"/>
</for>
<kw name="Lists Should Be Equal" library="Collections">
<arg>${expected_list}</arg>
<arg>${actual_list}</arg>
<doc>Fails if given lists are unequal.</doc>
<status status="PASS" starttime="20231110 17:26:59.616" endtime="20231110 17:26:59.618"/>
</kw>
<status status="PASS" starttime="20231110 17:26:58.409" endtime="20231110 17:26:59.618"/>
</kw>
<kw name="Select the card">
<arg>Blackberry</arg>
<kw name="Get WebElements" library="SeleniumLibrary">
<var>${elements}</var>
<arg>css:.card-title</arg>
<doc>Returns a list of WebElement objects matching the ``locator``.</doc>
<msg timestamp="20231110 17:26:59.670" level="INFO">${elements} = [&lt;selenium.webdriver.remote.webelement.WebElement (session="52f320bebb7dd9ac42e26e617e9e46ac", element="20AAFAAAC2F7B8C86E10FDCBC4AE634F_element_56")&gt;, &lt;selenium.webdriver.remote.webelement.WebElement...</msg>
<status status="PASS" starttime="20231110 17:26:59.620" endtime="20231110 17:26:59.670"/>
</kw>
<kw name="Set Variable" library="BuiltIn">
<var>${index}</var>
<arg>1</arg>
<doc>Returns the given values which can then be assigned to a variables.</doc>
<msg timestamp="20231110 17:26:59.672" level="INFO">${index} = 1</msg>
<status status="PASS" starttime="20231110 17:26:59.671" endtime="20231110 17:26:59.672"/>
</kw>
<for flavor="IN">
<var>${eachelement}</var>
<value>@{elements}</value>
<iter>
<var name="${eachelement}">&lt;selenium.webdriver.remote.webelement.WebElement (session="52f320bebb7dd9ac42e26e617e9e46ac", element="20AAFAAAC2F7B8C86E10FDCBC4AE634F_element_56")&gt;</var>
<kw name="Exit For Loop If" library="BuiltIn">
<arg>'${cardname}'=='${eachelement.text}'</arg>
<doc>Stops executing the enclosing FOR loop if the ``condition`` is true.</doc>
<status status="PASS" starttime="20231110 17:26:59.674" endtime="20231110 17:26:59.728"/>
</kw>
<kw name="Evaluate" library="BuiltIn">
<var>${index}</var>
<arg>${index} + 1</arg>
<doc>Evaluates the given expression in Python and returns the result.</doc>
<msg timestamp="20231110 17:26:59.730" level="INFO">${index} = 2</msg>
<status status="PASS" starttime="20231110 17:26:59.728" endtime="20231110 17:26:59.730"/>
</kw>
<status status="PASS" starttime="20231110 17:26:59.673" endtime="20231110 17:26:59.731"/>
</iter>
<iter>
<var name="${eachelement}">&lt;selenium.webdriver.remote.webelement.WebElement (session="52f320bebb7dd9ac42e26e617e9e46ac", element="20AAFAAAC2F7B8C86E10FDCBC4AE634F_element_57")&gt;</var>
<kw name="Exit For Loop If" library="BuiltIn">
<arg>'${cardname}'=='${eachelement.text}'</arg>
<doc>Stops executing the enclosing FOR loop if the ``condition`` is true.</doc>
<status status="PASS" starttime="20231110 17:26:59.732" endtime="20231110 17:27:00.064"/>
</kw>
<kw name="Evaluate" library="BuiltIn">
<var>${index}</var>
<arg>${index} + 1</arg>
<doc>Evaluates the given expression in Python and returns the result.</doc>
<msg timestamp="20231110 17:27:00.066" level="INFO">${index} = 3</msg>
<status status="PASS" starttime="20231110 17:27:00.065" endtime="20231110 17:27:00.067"/>
</kw>
<status status="PASS" starttime="20231110 17:26:59.731" endtime="20231110 17:27:00.067"/>
</iter>
<iter>
<var name="${eachelement}">&lt;selenium.webdriver.remote.webelement.WebElement (session="52f320bebb7dd9ac42e26e617e9e46ac", element="20AAFAAAC2F7B8C86E10FDCBC4AE634F_element_58")&gt;</var>
<kw name="Exit For Loop If" library="BuiltIn">
<arg>'${cardname}'=='${eachelement.text}'</arg>
<doc>Stops executing the enclosing FOR loop if the ``condition`` is true.</doc>
<status status="PASS" starttime="20231110 17:27:00.069" endtime="20231110 17:27:00.252"/>
</kw>
<kw name="Evaluate" library="BuiltIn">
<var>${index}</var>
<arg>${index} + 1</arg>
<doc>Evaluates the given expression in Python and returns the result.</doc>
<msg timestamp="20231110 17:27:00.254" level="INFO">${index} = 4</msg>
<status status="PASS" starttime="20231110 17:27:00.253" endtime="20231110 17:27:00.254"/>
</kw>
<status status="PASS" starttime="20231110 17:27:00.068" endtime="20231110 17:27:00.255"/>
</iter>
<iter>
<var name="${eachelement}">&lt;selenium.webdriver.remote.webelement.WebElement (session="52f320bebb7dd9ac42e26e617e9e46ac", element="20AAFAAAC2F7B8C86E10FDCBC4AE634F_element_59")&gt;</var>
<kw name="Exit For Loop If" library="BuiltIn">
<arg>'${cardname}'=='${eachelement.text}'</arg>
<doc>Stops executing the enclosing FOR loop if the ``condition`` is true.</doc>
<msg timestamp="20231110 17:27:00.370" level="INFO">Exiting for loop altogether.</msg>
<status status="PASS" starttime="20231110 17:27:00.256" endtime="20231110 17:27:00.370"/>
</kw>
<kw name="Evaluate" library="BuiltIn">
<var>${index}</var>
<arg>${index} + 1</arg>
<doc>Evaluates the given expression in Python and returns the result.</doc>
<status status="NOT RUN" starttime="20231110 17:27:00.371" endtime="20231110 17:27:00.371"/>
</kw>
<status status="PASS" starttime="20231110 17:27:00.255" endtime="20231110 17:27:00.371"/>
</iter>
<status status="PASS" starttime="20231110 17:26:59.672" endtime="20231110 17:27:00.372"/>
</for>
<kw name="Click Button" library="SeleniumLibrary">
<arg>xpath:(//*[@class='card-footer'])[${index}]/button</arg>
<doc>Clicks the button identified by ``locator``.</doc>
<msg timestamp="20231110 17:27:00.374" level="INFO">Clicking button 'xpath:(//*[@class='card-footer'])[4]/button'.</msg>
<status status="PASS" starttime="20231110 17:27:00.372" endtime="20231110 17:27:00.973"/>
</kw>
<status status="PASS" starttime="20231110 17:26:59.619" endtime="20231110 17:27:00.974"/>
</kw>
<status status="PASS" starttime="20231110 17:25:46.032" endtime="20231110 17:27:00.974"/>
</test>
<test id="s1-s1-t2" name="Select the form and navigate to child window" line="27">
<kw name="Open The Browser With This URL" library="Generic" type="SETUP">
<kw name="Create Webdriver" library="SeleniumLibrary">
<arg>Chrome</arg>
<doc>Creates an instance of Selenium WebDriver.</doc>
<msg timestamp="20231110 17:27:00.984" level="INFO">Creating an instance of the Chrome WebDriver.</msg>
<status status="PASS" starttime="20231110 17:27:00.978" endtime="20231110 17:27:16.084"/>
</kw>
<kw name="Go To" library="SeleniumLibrary">
<arg>${URL}</arg>
<doc>Navigates the current browser window to the provided ``url``.</doc>
<msg timestamp="20231110 17:27:16.086" level="INFO">Opening url 'https://rahulshettyacademy.com/loginpagePractise/'</msg>
<status status="PASS" starttime="20231110 17:27:16.085" endtime="20231110 17:27:27.218"/>
</kw>
<status status="PASS" starttime="20231110 17:27:00.977" endtime="20231110 17:27:27.219"/>
</kw>
<kw name="Fill the login details with user option">
<arg>rahulshettyacademy</arg>
<arg>learning</arg>
<kw name="Input Text" library="SeleniumLibrary">
<arg>id:username</arg>
<arg>${username}</arg>
<doc>Types the given ``text`` into the text field identified by ``locator``.</doc>
<msg timestamp="20231110 17:27:27.226" level="INFO">Typing text 'rahulshettyacademy' into text field 'id:username'.</msg>
<status status="PASS" starttime="20231110 17:27:27.223" endtime="20231110 17:27:30.501"/>
</kw>
<kw name="Input Password" library="SeleniumLibrary">
<arg>id:password</arg>
<arg>${password}</arg>
<doc>Types the given password into the text field identified by ``locator``.</doc>
<msg timestamp="20231110 17:27:30.507" level="INFO">Typing password into text field 'id:password'.</msg>
<msg timestamp="20231110 17:27:31.133" level="INFO">Temporally setting log level to: NONE</msg>
<msg timestamp="20231110 17:27:31.362" level="INFO">Log level changed from NONE to INFO.</msg>
<status status="PASS" starttime="20231110 17:27:30.503" endtime="20231110 17:27:31.362"/>
</kw>
<kw name="Click Element" library="SeleniumLibrary">
<arg>css:input[value='user']</arg>
<doc>Click the element identified by ``locator``.</doc>
<msg timestamp="20231110 17:27:31.364" level="INFO">Clicking element 'css:input[value='user']'.</msg>
<status status="PASS" starttime="20231110 17:27:31.363" endtime="20231110 17:27:31.683"/>
</kw>
<kw name="Wait Until Element Is Visible" library="SeleniumLibrary">
<arg>okayBtn</arg>
<doc>Waits until the element ``locator`` is visible.</doc>
<status status="PASS" starttime="20231110 17:27:31.683" endtime="20231110 17:27:32.130"/>
</kw>
<kw name="Click Element" library="SeleniumLibrary">
<arg>okayBtn</arg>
<doc>Click the element identified by ``locator``.</doc>
<msg timestamp="20231110 17:27:32.132" level="INFO">Clicking element 'okayBtn'.</msg>
<status status="PASS" starttime="20231110 17:27:32.130" endtime="20231110 17:27:32.315"/>
</kw>
<kw name="Wait Until Element Is Not Visible" library="SeleniumLibrary">
<arg>okayBtn</arg>
<doc>Waits until the element ``locator`` is not visible.</doc>
<status status="PASS" starttime="20231110 17:27:32.316" endtime="20231110 17:27:32.659"/>
</kw>
<kw name="Select From List By Value" library="SeleniumLibrary">
<arg>css:select.form-control</arg>
<arg>teach</arg>
<doc>Selects options from selection list ``locator`` by ``values``.</doc>
<msg timestamp="20231110 17:27:32.661" level="INFO">Selecting options from selection list 'css:select.form-control' by value teach.</msg>
<status status="PASS" starttime="20231110 17:27:32.659" endtime="20231110 17:27:33.179"/>
</kw>
<kw name="Select Checkbox" library="SeleniumLibrary">
<arg>terms</arg>
<doc>Selects the checkbox identified by ``locator``.</doc>
<msg timestamp="20231110 17:27:33.181" level="INFO">Selecting checkbox 'terms'.</msg>
<status status="PASS" starttime="20231110 17:27:33.179" endtime="20231110 17:27:33.452"/>
</kw>
<kw name="Checkbox Should Be Selected" library="SeleniumLibrary">
<arg>terms</arg>
<doc>Verifies checkbox ``locator`` is selected/checked.</doc>
<msg timestamp="20231110 17:27:33.455" level="INFO">Verifying checkbox 'terms' is selected.</msg>
<status status="PASS" starttime="20231110 17:27:33.452" endtime="20231110 17:27:33.541"/>
</kw>
<status status="PASS" starttime="20231110 17:27:27.221" endtime="20231110 17:27:33.541"/>
</kw>
<status status="PASS" starttime="20231110 17:27:00.976" endtime="20231110 17:27:33.542"/>
</test>
<doc>To validate the shopping page</doc>
<status status="PASS" starttime="20231110 17:25:43.054" endtime="20231110 17:27:33.545"/>
</suite>
<status status="PASS" starttime="20231110 17:25:42.939" endtime="20231110 17:27:33.549"/>
</suite>
<statistics>
<total>
<stat pass="2" fail="0" skip="0">All Tests</stat>
</total>
<tag>
</tag>
<suite>
<stat pass="2" fail="0" skip="0" id="s1" name="Tests">Tests</stat>
<stat pass="2" fail="0" skip="0" id="s1-s1" name="testDemo2">Tests.testDemo2</stat>
</suite>
</statistics>
<errors>
</errors>
</robot>
